#
# There is insufficient memory for the Java Runtime Environment to continue.
# Native memory allocation (mmap) failed to map 266338304 bytes for Failed to commit area from 0x0000000702400000 to 0x0000000712200000 of length 266338304.
# Possible reasons:
#   The system is out of physical RAM or swap space
#   The process is running with CompressedOops enabled, and the Java Heap may be blocking the growth of the native heap
# Possible solutions:
#   Reduce memory load on the system
#   Increase physical memory or swap space
#   Check if swap backing store is full
#   Decrease Java heap size (-Xmx/-Xms)
#   Decrease number of Java threads
#   Decrease Java thread stack sizes (-Xss)
#   Set larger code cache with -XX:ReservedCodeCacheSize=
# This output file may be truncated or incomplete.
#
#  Out of Memory Error (t:/workspace/open/src/hotspot/os/windows/os_windows.cpp:3301), pid=24968, tid=44768
#
# JRE version:  (13.0.2+8) (build )
# Java VM: Java HotSpot(TM) 64-Bit Server VM (13.0.2+8, mixed mode, aot, sharing, tiered, compressed oops, g1 gc, windows-amd64)
# No core dump will be written. Minidumps are not enabled by default on client versions of Windows
#

---------------  S U M M A R Y ------------

Command Line: -Dmaven.multiModuleProjectDirectory=c:\Proyecto Ingesoft\BambuProyecto\bambu org.apache.maven.wrapper.MavenWrapperMain help:effective-pom -Doutput=c:\Users\david\AppData\Roaming\Code\User\workspaceStorage\c67f002502cc2af2133527efb6b2ec01\vscjava.vscode-maven\dc5e12a5e508132f473b0f574efaf364 -f c:\Proyecto Ingesoft\BambuProyecto\bambu\pom.xml

Host: Intel(R) Core(TM) i7-9750H CPU @ 2.60GHz, 12 cores, 15G,  Windows 10 , 64 bit Build 18362 (10.0.18362.329)
Time: Wed May 20 09:03:06 2020 Hora est. Pacífico, Sudamérica elapsed time: 0 seconds (0d 0h 0m 0s)

---------------  T H R E A D  ---------------

Current thread (0x0000028f0f701800):  JavaThread "Unknown thread" [_thread_in_vm, id=44768, stack(0x000000eb06a00000,0x000000eb06b00000)]

Stack: [0x000000eb06a00000,0x000000eb06b00000]
Native frames: (J=compiled Java code, j=interpreted, Vv=VM code, C=native code)
V  [jvm.dll+0x624f9a]
V  [jvm.dll+0x770cfa]
V  [jvm.dll+0x7724af]
V  [jvm.dll+0x772ab3]
V  [jvm.dll+0x24bf08]
V  [jvm.dll+0x6222aa]
V  [jvm.dll+0x6170b5]
V  [jvm.dll+0x30a88c]
V  [jvm.dll+0x30a6c2]
V  [jvm.dll+0x30fe36]
V  [jvm.dll+0x353f46]
V  [jvm.dll+0x353720]
V  [jvm.dll+0x2e550a]
V  [jvm.dll+0x2e67a2]
V  [jvm.dll+0x74dd78]
V  [jvm.dll+0x361989]
V  [jvm.dll+0x730e65]
V  [jvm.dll+0x3cc53f]
V  [jvm.dll+0x3ce861]
C  [jli.dll+0x51ff]
C  [ucrtbase.dll+0x20e72]
C  [KERNEL32.DLL+0x17bd4]
C  [ntdll.dll+0x6ced1]


---------------  P R O C E S S  ---------------

Threads class SMR info:
_java_thread_list=0x00007ffd1d57ccb8, length=0, elements={
}

Java Threads: ( => current thread )

Other Threads:
  0x0000028f0f76c000 GCTaskThread "GC Thread#0" [stack: 0x000000eb06b00000,0x000000eb06c00000] [id=18516]
  0x0000028f0f78e000 ConcurrentGCThread "G1 Main Marker" [stack: 0x000000eb06c00000,0x000000eb06d00000] [id=3596]
  0x0000028f0f78f000 ConcurrentGCThread "G1 Conc#0" [stack: 0x000000eb06d00000,0x000000eb06e00000] [id=29592]

[error occurred during error reporting (printing all threads), id 0xc0000005, EXCEPTION_ACCESS_VIOLATION (0xc0000005) at pc=0x00007ffd1cdb51d7]

VM state:not at safepoint (not fully initialized)

VM Mutex/Monitor currently owned by a thread:  ([mutex/lock_event])
[0x0000028f0f6fd740] Heap_lock - owner thread: 0x0000028f0f701800

Heap address: 0x0000000702400000, size: 4060 MB, Compressed Oops mode: Non-zero based: 0x0000000702400000
Narrow klass base: 0x0000000000000000, Narrow klass shift: 0

GC Heap History (0 events):
No events

Deoptimization events (0 events):
No events

Classes unloaded (0 events):
No events

Classes redefined (0 events):
No events

Internal exceptions (0 events):
No events

Events (8 events):
Event: 0.009 Loaded shared library C:\Program Files\Java\jdk-13.0.2\bin\zip.dll
Event: 0.009 Loaded shared library C:\Program Files\Java\jdk-13.0.2\bin\jimage.dll
Event: 0.011 Loading shared library C:\Program Files\Java\jdk-13.0.2\lib\libjava.base-coop.dll failed, error code 126
Event: 0.011 Loading shared library C:\Program Files\Java\jdk-13.0.2\lib\libjava.logging-coop.dll failed, error code 126
Event: 0.011 Loading shared library C:\Program Files\Java\jdk-13.0.2\lib\libjdk.compiler-coop.dll failed, error code 126
Event: 0.011 Loading shared library C:\Program Files\Java\jdk-13.0.2\lib\libjdk.scripting.nashorn-coop.dll failed, error code 126
Event: 0.011 Loading shared library C:\Program Files\Java\jdk-13.0.2\lib\libjdk.internal.vm.ci-coop.dll failed, error code 126
Event: 0.011 Loading shared library C:\Program Files\Java\jdk-13.0.2\lib\libjdk.internal.vm.compiler-coop.dll failed, error code 126


Dynamic libraries:
0x00007ff71e700000 - 0x00007ff71e70f000 	C:\Program Files\Java\jdk-13.0.2\bin\java.exe
0x00007ffd72100000 - 0x00007ffd722f0000 	C:\WINDOWS\SYSTEM32\ntdll.dll
0x00007ffd706b0000 - 0x00007ffd70762000 	C:\WINDOWS\System32\KERNEL32.DLL
0x00007ffd6f180000 - 0x00007ffd6f423000 	C:\WINDOWS\System32\KERNELBASE.dll
0x00007ffd6f430000 - 0x00007ffd6f52a000 	C:\WINDOWS\System32\ucrtbase.dll
0x00007ffd42fa0000 - 0x00007ffd42fb5000 	C:\Program Files\Java\jdk-13.0.2\bin\VCRUNTIME140.dll
0x00007ffd472a0000 - 0x00007ffd472b8000 	C:\Program Files\Java\jdk-13.0.2\bin\jli.dll
0x00007ffd71480000 - 0x00007ffd71523000 	C:\WINDOWS\System32\ADVAPI32.dll
0x00007ffd72010000 - 0x00007ffd720ae000 	C:\WINDOWS\System32\msvcrt.dll
0x00007ffd707d0000 - 0x00007ffd70867000 	C:\WINDOWS\System32\sechost.dll
0x00007ffd71ce0000 - 0x00007ffd71e00000 	C:\WINDOWS\System32\RPCRT4.dll
0x00007ffd71b40000 - 0x00007ffd71cd4000 	C:\WINDOWS\System32\USER32.dll
0x00007ffd62930000 - 0x00007ffd62bb5000 	C:\WINDOWS\WinSxS\amd64_microsoft.windows.common-controls_6595b64144ccf1df_6.0.18362.535_none_e6c3b34713100821\COMCTL32.dll
0x00007ffd6fdb0000 - 0x00007ffd6fdd1000 	C:\WINDOWS\System32\win32u.dll
0x00007ffd71ae0000 - 0x00007ffd71b06000 	C:\WINDOWS\System32\GDI32.dll
0x00007ffd71540000 - 0x00007ffd71876000 	C:\WINDOWS\System32\combase.dll
0x00007ffd6fde0000 - 0x00007ffd6ff74000 	C:\WINDOWS\System32\gdi32full.dll
0x00007ffd70130000 - 0x00007ffd701b0000 	C:\WINDOWS\System32\bcryptPrimitives.dll
0x00007ffd6f0e0000 - 0x00007ffd6f17e000 	C:\WINDOWS\System32\msvcp_win.dll
0x00007ffd66290000 - 0x00007ffd6629a000 	C:\WINDOWS\SYSTEM32\VERSION.dll
0x00007ffd71b10000 - 0x00007ffd71b3e000 	C:\WINDOWS\System32\IMM32.DLL
0x00007ffd31560000 - 0x00007ffd315fb000 	C:\Program Files\Java\jdk-13.0.2\bin\msvcp140.dll
0x00007ffd1cac0000 - 0x00007ffd1d61d000 	C:\Program Files\Java\jdk-13.0.2\bin\server\jvm.dll
0x00007ffd720b0000 - 0x00007ffd720b8000 	C:\WINDOWS\System32\PSAPI.DLL
0x00007ffd69bb0000 - 0x00007ffd69bb9000 	C:\WINDOWS\SYSTEM32\WSOCK32.dll
0x00007ffd6cd40000 - 0x00007ffd6cd64000 	C:\WINDOWS\SYSTEM32\WINMM.dll
0x00007ffd71fa0000 - 0x00007ffd7200f000 	C:\WINDOWS\System32\WS2_32.dll
0x00007ffd6cd10000 - 0x00007ffd6cd3d000 	C:\WINDOWS\SYSTEM32\winmmbase.dll
0x00007ffd6f090000 - 0x00007ffd6f0da000 	C:\WINDOWS\System32\cfgmgr32.dll
0x00007ffd6efe0000 - 0x00007ffd6eff1000 	C:\WINDOWS\System32\kernel.appcore.dll
0x00007ffd60d90000 - 0x00007ffd60da0000 	C:\Program Files\Java\jdk-13.0.2\bin\verify.dll
0x00007ffd6cea0000 - 0x00007ffd6d094000 	C:\WINDOWS\SYSTEM32\DBGHELP.DLL
0x00007ffd53b40000 - 0x00007ffd53b6a000 	C:\WINDOWS\SYSTEM32\dbgcore.DLL
0x00007ffd39f80000 - 0x00007ffd39fa6000 	C:\Program Files\Java\jdk-13.0.2\bin\java.dll
0x00007ffd42c10000 - 0x00007ffd42c27000 	C:\Program Files\Java\jdk-13.0.2\bin\zip.dll
0x00007ffd60cf0000 - 0x00007ffd60cfa000 	C:\Program Files\Java\jdk-13.0.2\bin\jimage.dll

dbghelp: loaded successfully - version: 4.0.5 - missing functions: none
symbol engine: initialized successfully - sym options: 0x614 - pdb path: .;C:\Program Files\Java\jdk-13.0.2\bin;C:\WINDOWS\SYSTEM32;C:\WINDOWS\WinSxS\amd64_microsoft.windows.common-controls_6595b64144ccf1df_6.0.18362.535_none_e6c3b34713100821;C:\Program Files\Java\jdk-13.0.2\bin\server

VM Arguments:
jvm_args: -Dmaven.multiModuleProjectDirectory=c:\Proyecto Ingesoft\BambuProyecto\bambu 
java_command: org.apache.maven.wrapper.MavenWrapperMain help:effective-pom -Doutput=c:\Users\david\AppData\Roaming\Code\User\workspaceStorage\c67f002502cc2af2133527efb6b2ec01\vscjava.vscode-maven\dc5e12a5e508132f473b0f574efaf364 -f c:\Proyecto Ingesoft\BambuProyecto\bambu\pom.xml
java_class_path (initial): c:\Proyecto Ingesoft\BambuProyecto\bambu\.mvn\wrapper\maven-wrapper.jar
Launcher Type: SUN_STANDARD

[Global flags]
     intx CICompilerCount                          = 4                                         {product} {ergonomic}
     uint ConcGCThreads                            = 3                                         {product} {ergonomic}
     uint G1ConcRefinementThreads                  = 10                                        {product} {ergonomic}
   size_t G1HeapRegionSize                         = 1048576                                   {product} {ergonomic}
    uintx GCDrainStackTargetSize                   = 64                                        {product} {ergonomic}
   size_t InitialHeapSize                          = 266338304                                 {product} {ergonomic}
   size_t MarkStackSize                            = 4194304                                   {product} {ergonomic}
   size_t MaxHeapSize                              = 4257218560                                {product} {ergonomic}
   size_t MinHeapDeltaBytes                        = 1048576                                   {product} {ergonomic}
   size_t MinHeapSize                              = 8388608                                   {product} {ergonomic}
    uintx NonNMethodCodeHeapSize                   = 5839372                                {pd product} {ergonomic}
    uintx NonProfiledCodeHeapSize                  = 122909434                              {pd product} {ergonomic}
    uintx ProfiledCodeHeapSize                     = 122909434                              {pd product} {ergonomic}
    uintx ReservedCodeCacheSize                    = 251658240                              {pd product} {ergonomic}
     bool SegmentedCodeCache                       = true                                      {product} {ergonomic}
   size_t SoftMaxHeapSize                          = 4257218560                             {manageable} {ergonomic}
     bool UseCompressedClassPointers               = true                                 {lp64_product} {ergonomic}
     bool UseCompressedOops                        = true                                 {lp64_product} {ergonomic}
     bool UseG1GC                                  = true                                      {product} {ergonomic}
     bool UseLargePagesIndividualAllocation        = false                                  {pd product} {ergonomic}

Logging:
Log output configuration:
 #0: stdout all=warning uptime,level,tags
 #1: stderr all=off uptime,level,tags

Environment Variables:
JAVA_HOME=C:\Program Files\Java\jdk-13.0.2
PATH=C:\Python38\Scripts\;C:\Python38\;C:\Program Files (x86)\Common Files\Oracle\Java\javapath;C:\Windows\system32;C:\Windows;C:\Windows\System32\Wbem;C:\Windows\System32\WindowsPowerShell\v1.0\;C:\Windows\System32\OpenSSH\;C:\Program Files\NVIDIA Corporation\NVIDIA NvDLISR;C:\Program Files\Intel\WiFi\bin\;C:\Program Files\Common Files\Intel\WirelessCommon\;C:\WINDOWS\system32;C:\WINDOWS;C:\WINDOWS\System32\Wbem;C:\WINDOWS\System32\WindowsPowerShell\v1.0\;C:\WINDOWS\System32\OpenSSH\;C:\Program Files (x86)\NVIDIA Corporation\PhysX\Common;C:\Program Files\Java\jdk-13.0.2\bin;C:\apache-maven-3.6.3\bin;C:\Program Files\Git\cmd;C:\Program Files\nodejs\;C:\ProgramData\chocolatey\bin;C:\Gradle\gradle-6.3\bin;C:\spring-2.2.6.RELEASE\bin;C:\Program Files (x86)\Microsoft SQL Server\150\DTS\Binn\;C:\Users\david\AppData\Local\Microsoft\WindowsApps;C:\Users\david\AppData\Local\Programs\Microsoft VS Code\bin;C:\Users\david\AppData\Roaming\npm
USERNAME=david
OS=Windows_NT
PROCESSOR_IDENTIFIER=Intel64 Family 6 Model 158 Stepping 10, GenuineIntel



---------------  S Y S T E M  ---------------

OS: Windows 10 , 64 bit Build 18362 (10.0.18362.329)

CPU:total 12 (initial active 12) (6 cores per cpu, 2 threads per core) family 6 model 158 stepping 10, cmov, cx8, fxsr, mmx, sse, sse2, sse3, ssse3, sse4.1, sse4.2, popcnt, avx, avx2, aes, clmul, erms, 3dnowpref, lzcnt, ht, tsc, tscinvbit, bmi1, bmi2, adx, fma

Memory: 4k page, system-wide physical 16235M (4042M free)
TotalPageFile size 65387M (AvailPageFile size 201M)
current process WorkingSet (physical memory assigned to process): 10M, peak: 10M
current process commit charge ("private bytes"): 65M, peak: 319M

vm_info: Java HotSpot(TM) 64-Bit Server VM (13.0.2+8) for windows-amd64 JRE (13.0.2+8), built on Dec 11 2019 09:20:33 by "mach5one" with unknown MS VC++:1916

END.
